  Lab07.cpp
C:\Program Files\Microsoft Visual Studio\2022\Community\VC\Tools\MSVC\14.37.32822\include\any(13): warning STL4038: The contents of <any> are available only with C++17 or later.
C:\Users\heath\source\repos\Lab07\packages\SFPhysics.2.2.6\build\native\include\SFPhysics\BoundsCollisionResult.h(9,2): warning C4099: 'sfp::BoundsCollisionResult': type name first seen using 'class' now seen using 'struct'
C:\Users\heath\source\repos\Lab07\packages\SFPhysics.2.2.6\build\native\include\SFPhysics\BoundsCollisionResult.h(8,9): message : see declaration of 'sfp::BoundsCollisionResult'
C:\Program Files\Microsoft Visual Studio\2022\Community\VC\Tools\MSVC\14.37.32822\include\type_traits(1762,67): warning C4244: 'argument': conversion from '_Ty' to 'unsigned int', possible loss of data
          with
          [
              _Ty=float
          ]
C:\Program Files\Microsoft Visual Studio\2022\Community\VC\Tools\MSVC\14.37.32822\include\functional(839,25): message : see reference to function template instantiation 'void std::invoke<_Callable&,_Ty,>(sfp::PhysicsShapeT<sfp::CenteredRectangle,sfp::AABB>::{ctor}::<lambda_3>&,_Ty1 &&) noexcept(false)' being compiled
          with
          [
              _Callable=sfp::PhysicsShapeT<sfp::CenteredRectangle,sfp::AABB>::{ctor}::<lambda_3>,
              _Ty=float,
              _Ty1=float
          ]
C:\Program Files\Microsoft Visual Studio\2022\Community\VC\Tools\MSVC\14.37.32822\include\functional(837,9): message : while compiling class template member function '_Rx std::_Func_impl_no_alloc<sfp::PhysicsShapeT<sfp::CenteredRectangle,sfp::AABB>::{ctor}::<lambda_3>,_Rx,float>::_Do_call(float &&)'
          with
          [
              _Rx=void
          ]
C:\Program Files\Microsoft Visual Studio\2022\Community\VC\Tools\MSVC\14.37.32822\include\functional(731,13): message : see reference to class template instantiation 'std::_Func_impl_no_alloc<sfp::PhysicsShapeT<sfp::CenteredRectangle,sfp::AABB>::{ctor}::<lambda_3>,_Ret,float>' being compiled
          with
          [
              _Ret=void
          ]
C:\Program Files\Microsoft Visual Studio\2022\Community\VC\Tools\MSVC\14.37.32822\include\functional(925,23): message : see reference to variable template 'const bool _Is_large<std::_Func_impl_no_alloc<`sfp::PhysicsShapeT<sfp::CenteredRectangle,sfp::AABB>::PhysicsShapeT<sfp::CenteredRectangle,sfp::AABB>'::`2'::<lambda_3>,void,float> >' being compiled
C:\Program Files\Microsoft Visual Studio\2022\Community\VC\Tools\MSVC\14.37.32822\include\functional(1052,13): message : see reference to function template instantiation 'void std::_Func_class<_Ret,float>::_Reset<_Ty>(_Fx &&)' being compiled
          with
          [
              _Ret=void,
              _Ty=sfp::PhysicsShapeT<sfp::CenteredRectangle,sfp::AABB>::{ctor}::<lambda_3>,
              _Fx=sfp::PhysicsShapeT<sfp::CenteredRectangle,sfp::AABB>::{ctor}::<lambda_3>
          ]
C:\Program Files\Microsoft Visual Studio\2022\Community\VC\Tools\MSVC\14.37.32822\include\functional(1099,35): message : see reference to function template instantiation 'std::function<void (float)>::function<sfp::PhysicsShapeT<sfp::CenteredRectangle,sfp::AABB>::{ctor}::<lambda_3>,0>(_Fx &&)' being compiled
          with
          [
              _Fx=sfp::PhysicsShapeT<sfp::CenteredRectangle,sfp::AABB>::{ctor}::<lambda_3>
          ]
C:\Users\heath\source\repos\Lab07\packages\SFPhysics.2.2.6\build\native\include\SFPhysics\PhysicsShapeT.h(53,39): message : see reference to function template instantiation 'std::function<void (float)> &std::function<void (float)>::operator =<sfp::PhysicsShapeT<sfp::CenteredRectangle,sfp::AABB>::{ctor}::<lambda_3>,0>(_Fx &&)' being compiled
          with
          [
              _Fx=sfp::PhysicsShapeT<sfp::CenteredRectangle,sfp::AABB>::{ctor}::<lambda_3>
          ]
C:\Users\heath\source\repos\Lab07\packages\SFPhysics.2.2.6\build\native\include\SFPhysics\PhysicsShapeT.h(44,2): message : while compiling class template member function 'sfp::PhysicsShapeT<sfp::CenteredRectangle,sfp::AABB>::PhysicsShapeT(void)'
C:\Users\heath\source\repos\Lab07\packages\SFPhysics.2.2.6\build\native\include\SFPhysics\PhysicsRectangle.h(8,6): message : see the first reference to 'sfp::PhysicsShapeT<sfp::CenteredRectangle,sfp::AABB>::PhysicsShapeT' in 'sfp::PhysicsRectangle::PhysicsRectangle'
C:\Users\heath\source\repos\Lab07\packages\SFPhysics.2.2.6\build\native\include\SFPhysics\PhysicsRectangle.h(7,37): message : see reference to class template instantiation 'sfp::PhysicsShapeT<sfp::CenteredRectangle,sfp::AABB>' being compiled
  Lab07.vcxproj -> C:\Users\heath\source\repos\Lab07\x64\Debug\Lab07.exe
